Determining size of off64_t failed with the following output:
Change Dir: /Users/arunporuri/Desktop/Face_match/cv_static/opencv-2.4.13/CMakeFiles/CMakeTmp

Run Build Command:"/usr/bin/make" "cmTC_ec628/fast"
/Applications/Xcode.app/Contents/Developer/usr/bin/make -f CMakeFiles/cmTC_ec628.dir/build.make CMakeFiles/cmTC_ec628.dir/build
Building C object CMakeFiles/cmTC_ec628.dir/OFF64_T.c.o
/Applications/Xcode.app/Contents/Developer/Toolchains/XcodeDefault.xctoolchain/usr/bin/cc    -fPIC   -fsigned-char -W -Werror=return-type -Werror=address -Werror=sequence-point -Wformat -Werror=format-security -Wmissing-declarations -Wmissing-prototypes -Wstrict-prototypes -Wundef -Winit-self -Wpointer-arith -Wshadow -Wsign-promo -Wno-narrowing -Wno-delete-non-virtual-dtor -Wno-unnamed-type-template-args -Wno-array-bounds -fdiagnostics-show-option -Wno-long-long -Wno-semicolon-before-method-body -fno-omit-frame-pointer -msse -msse2 -msse3  -O3 -DNDEBUG -isysroot /Applications/Xcode.app/Contents/Developer/Platforms/MacOSX.platform/Developer/SDKs/MacOSX10.11.sdk   -o CMakeFiles/cmTC_ec628.dir/OFF64_T.c.o   -c /Users/arunporuri/Desktop/Face_match/cv_static/opencv-2.4.13/CMakeFiles/CheckTypeSize/OFF64_T.c
/Users/arunporuri/Desktop/Face_match/cv_static/opencv-2.4.13/CMakeFiles/CheckTypeSize/OFF64_T.c:19:12: error: use of undeclared identifier 'off64_t'
  ('0' + ((SIZE / 10000)%10)),
           ^
/Users/arunporuri/Desktop/Face_match/cv_static/opencv-2.4.13/CMakeFiles/CheckTypeSize/OFF64_T.c:17:22: note: expanded from macro 'SIZE'
#define SIZE (sizeof(off64_t))
                     ^
/Users/arunporuri/Desktop/Face_match/cv_static/opencv-2.4.13/CMakeFiles/CheckTypeSize/OFF64_T.c:20:12: error: use of undeclared identifier 'off64_t'
  ('0' + ((SIZE / 1000)%10)),
           ^
/Users/arunporuri/Desktop/Face_match/cv_static/opencv-2.4.13/CMakeFiles/CheckTypeSize/OFF64_T.c:17:22: note: expanded from macro 'SIZE'
#define SIZE (sizeof(off64_t))
                     ^
/Users/arunporuri/Desktop/Face_match/cv_static/opencv-2.4.13/CMakeFiles/CheckTypeSize/OFF64_T.c:21:12: error: use of undeclared identifier 'off64_t'
  ('0' + ((SIZE / 100)%10)),
           ^
/Users/arunporuri/Desktop/Face_match/cv_static/opencv-2.4.13/CMakeFiles/CheckTypeSize/OFF64_T.c:17:22: note: expanded from macro 'SIZE'
#define SIZE (sizeof(off64_t))
                     ^
/Users/arunporuri/Desktop/Face_match/cv_static/opencv-2.4.13/CMakeFiles/CheckTypeSize/OFF64_T.c:22:12: error: use of undeclared identifier 'off64_t'
  ('0' + ((SIZE / 10)%10)),
           ^
/Users/arunporuri/Desktop/Face_match/cv_static/opencv-2.4.13/CMakeFiles/CheckTypeSize/OFF64_T.c:17:22: note: expanded from macro 'SIZE'
#define SIZE (sizeof(off64_t))
                     ^
/Users/arunporuri/Desktop/Face_match/cv_static/opencv-2.4.13/CMakeFiles/CheckTypeSize/OFF64_T.c:23:12: error: use of undeclared identifier 'off64_t'
  ('0' +  (SIZE    % 10)),
           ^
/Users/arunporuri/Desktop/Face_match/cv_static/opencv-2.4.13/CMakeFiles/CheckTypeSize/OFF64_T.c:17:22: note: expanded from macro 'SIZE'
#define SIZE (sizeof(off64_t))
                     ^
5 errors generated.
make[1]: *** [CMakeFiles/cmTC_ec628.dir/OFF64_T.c.o] Error 1
make: *** [cmTC_ec628/fast] Error 2

/Users/arunporuri/Desktop/Face_match/cv_static/opencv-2.4.13/CMakeFiles/CheckTypeSize/OFF64_T.c:
#include <sys/types.h>
#include <stdint.h>
#include <stddef.h>


#undef KEY
#if defined(__i386)
# define KEY '_','_','i','3','8','6'
#elif defined(__x86_64)
# define KEY '_','_','x','8','6','_','6','4'
#elif defined(__ppc__)
# define KEY '_','_','p','p','c','_','_'
#elif defined(__ppc64__)
# define KEY '_','_','p','p','c','6','4','_','_'
#endif

#define SIZE (sizeof(off64_t))
char info_size[] =  {'I', 'N', 'F', 'O', ':', 's','i','z','e','[',
  ('0' + ((SIZE / 10000)%10)),
  ('0' + ((SIZE / 1000)%10)),
  ('0' + ((SIZE / 100)%10)),
  ('0' + ((SIZE / 10)%10)),
  ('0' +  (SIZE    % 10)),
  ']',
#ifdef KEY
  ' ','k','e','y','[', KEY, ']',
#endif
  '\0'};

#ifdef __CLASSIC_C__
int main(argc, argv) int argc; char *argv[];
#else
int main(int argc, char *argv[])
#endif
{
  int require = 0;
  require += info_size[argc];
  (void)argv;
  return require;
}


Determining if the include file io.h exists failed with the following output:
Change Dir: /Users/arunporuri/Desktop/Face_match/cv_static/opencv-2.4.13/CMakeFiles/CMakeTmp

Run Build Command:"/usr/bin/make" "cmTC_ae45b/fast"
/Applications/Xcode.app/Contents/Developer/usr/bin/make -f CMakeFiles/cmTC_ae45b.dir/build.make CMakeFiles/cmTC_ae45b.dir/build
Building C object CMakeFiles/cmTC_ae45b.dir/CheckIncludeFile.c.o
/Applications/Xcode.app/Contents/Developer/Toolchains/XcodeDefault.xctoolchain/usr/bin/cc    -fPIC   -fsigned-char -W -Werror=return-type -Werror=address -Werror=sequence-point -Wformat -Werror=format-security -Wmissing-declarations -Wmissing-prototypes -Wstrict-prototypes -Wundef -Winit-self -Wpointer-arith -Wshadow -Wsign-promo -Wno-narrowing -Wno-delete-non-virtual-dtor -Wno-unnamed-type-template-args -Wno-array-bounds -fdiagnostics-show-option -Wno-long-long -Wno-semicolon-before-method-body -fno-omit-frame-pointer -msse -msse2 -msse3  -O3 -DNDEBUG -isysroot /Applications/Xcode.app/Contents/Developer/Platforms/MacOSX.platform/Developer/SDKs/MacOSX10.11.sdk   -o CMakeFiles/cmTC_ae45b.dir/CheckIncludeFile.c.o   -c /Users/arunporuri/Desktop/Face_match/cv_static/opencv-2.4.13/CMakeFiles/CMakeTmp/CheckIncludeFile.c
/Users/arunporuri/Desktop/Face_match/cv_static/opencv-2.4.13/CMakeFiles/CMakeTmp/CheckIncludeFile.c:1:10: fatal error: 'io.h' file not found
#include <io.h>
         ^
1 error generated.
make[1]: *** [CMakeFiles/cmTC_ae45b.dir/CheckIncludeFile.c.o] Error 1
make: *** [cmTC_ae45b/fast] Error 2


Determining if the function jbg_newlen exists failed with the following output:
Change Dir: /Users/arunporuri/Desktop/Face_match/cv_static/opencv-2.4.13/CMakeFiles/CMakeTmp

Run Build Command:"/usr/bin/make" "cmTC_2105d/fast"
/Applications/Xcode.app/Contents/Developer/usr/bin/make -f CMakeFiles/cmTC_2105d.dir/build.make CMakeFiles/cmTC_2105d.dir/build
Building C object CMakeFiles/cmTC_2105d.dir/CheckFunctionExists.c.o
/Applications/Xcode.app/Contents/Developer/Toolchains/XcodeDefault.xctoolchain/usr/bin/cc    -fPIC   -fsigned-char -W -Werror=return-type -Werror=address -Werror=sequence-point -Wformat -Werror=format-security -Wmissing-declarations -Wmissing-prototypes -Wstrict-prototypes -Wundef -Winit-self -Wpointer-arith -Wshadow -Wsign-promo -Wno-narrowing -Wno-delete-non-virtual-dtor -Wno-unnamed-type-template-args -Wno-array-bounds -fdiagnostics-show-option -Wno-long-long -Wno-semicolon-before-method-body -fno-omit-frame-pointer -msse -msse2 -msse3 -DCHECK_FUNCTION_EXISTS=jbg_newlen -O3 -DNDEBUG -isysroot /Applications/Xcode.app/Contents/Developer/Platforms/MacOSX.platform/Developer/SDKs/MacOSX10.11.sdk   -o CMakeFiles/cmTC_2105d.dir/CheckFunctionExists.c.o   -c /usr/local/Cellar/cmake/3.6.1/share/cmake/Modules/CheckFunctionExists.c
Linking C executable cmTC_2105d
/usr/local/Cellar/cmake/3.6.1/bin/cmake -E cmake_link_script CMakeFiles/cmTC_2105d.dir/link.txt --verbose=1
/Applications/Xcode.app/Contents/Developer/Toolchains/XcodeDefault.xctoolchain/usr/bin/cc   -fPIC   -fsigned-char -W -Werror=return-type -Werror=address -Werror=sequence-point -Wformat -Werror=format-security -Wmissing-declarations -Wmissing-prototypes -Wstrict-prototypes -Wundef -Winit-self -Wpointer-arith -Wshadow -Wsign-promo -Wno-narrowing -Wno-delete-non-virtual-dtor -Wno-unnamed-type-template-args -Wno-array-bounds -fdiagnostics-show-option -Wno-long-long -Wno-semicolon-before-method-body -fno-omit-frame-pointer -msse -msse2 -msse3 -DCHECK_FUNCTION_EXISTS=jbg_newlen -O3 -DNDEBUG -isysroot /Applications/Xcode.app/Contents/Developer/Platforms/MacOSX.platform/Developer/SDKs/MacOSX10.11.sdk -Wl,-search_paths_first -Wl,-headerpad_max_install_names   CMakeFiles/cmTC_2105d.dir/CheckFunctionExists.c.o  -o cmTC_2105d  
Undefined symbols for architecture x86_64:
  "_jbg_newlen", referenced from:
      _main in CheckFunctionExists.c.o
ld: symbol(s) not found for architecture x86_64
clang: error: linker command failed with exit code 1 (use -v to see invocation)
make[1]: *** [cmTC_2105d] Error 1
make: *** [cmTC_2105d/fast] Error 2


Determining if the include file linux/videodev.h exists failed with the following output:
Change Dir: /Users/arunporuri/Desktop/Face_match/cv_static/opencv-2.4.13/CMakeFiles/CMakeTmp

Run Build Command:"/usr/bin/make" "cmTC_5a12b/fast"
/Applications/Xcode.app/Contents/Developer/usr/bin/make -f CMakeFiles/cmTC_5a12b.dir/build.make CMakeFiles/cmTC_5a12b.dir/build
Building C object CMakeFiles/cmTC_5a12b.dir/CheckIncludeFile.c.o
/Applications/Xcode.app/Contents/Developer/Toolchains/XcodeDefault.xctoolchain/usr/bin/cc    -fPIC   -fsigned-char -W -Werror=return-type -Werror=address -Werror=sequence-point -Wformat -Werror=format-security -Wmissing-declarations -Wmissing-prototypes -Wstrict-prototypes -Wundef -Winit-self -Wpointer-arith -Wshadow -Wsign-promo -Wno-narrowing -Wno-delete-non-virtual-dtor -Wno-unnamed-type-template-args -Wno-array-bounds -fdiagnostics-show-option -Wno-long-long -Wno-semicolon-before-method-body -fno-omit-frame-pointer -msse -msse2 -msse3  -O3 -DNDEBUG -isysroot /Applications/Xcode.app/Contents/Developer/Platforms/MacOSX.platform/Developer/SDKs/MacOSX10.11.sdk   -o CMakeFiles/cmTC_5a12b.dir/CheckIncludeFile.c.o   -c /Users/arunporuri/Desktop/Face_match/cv_static/opencv-2.4.13/CMakeFiles/CMakeTmp/CheckIncludeFile.c
/Users/arunporuri/Desktop/Face_match/cv_static/opencv-2.4.13/CMakeFiles/CMakeTmp/CheckIncludeFile.c:1:10: fatal error: 'linux/videodev.h' file not found
#include <linux/videodev.h>
         ^
1 error generated.
make[1]: *** [CMakeFiles/cmTC_5a12b.dir/CheckIncludeFile.c.o] Error 1
make: *** [cmTC_5a12b/fast] Error 2


Determining if the include file linux/videodev2.h exists failed with the following output:
Change Dir: /Users/arunporuri/Desktop/Face_match/cv_static/opencv-2.4.13/CMakeFiles/CMakeTmp

Run Build Command:"/usr/bin/make" "cmTC_3e90a/fast"
/Applications/Xcode.app/Contents/Developer/usr/bin/make -f CMakeFiles/cmTC_3e90a.dir/build.make CMakeFiles/cmTC_3e90a.dir/build
Building C object CMakeFiles/cmTC_3e90a.dir/CheckIncludeFile.c.o
/Applications/Xcode.app/Contents/Developer/Toolchains/XcodeDefault.xctoolchain/usr/bin/cc    -fPIC   -fsigned-char -W -Werror=return-type -Werror=address -Werror=sequence-point -Wformat -Werror=format-security -Wmissing-declarations -Wmissing-prototypes -Wstrict-prototypes -Wundef -Winit-self -Wpointer-arith -Wshadow -Wsign-promo -Wno-narrowing -Wno-delete-non-virtual-dtor -Wno-unnamed-type-template-args -Wno-array-bounds -fdiagnostics-show-option -Wno-long-long -Wno-semicolon-before-method-body -fno-omit-frame-pointer -msse -msse2 -msse3  -O3 -DNDEBUG -isysroot /Applications/Xcode.app/Contents/Developer/Platforms/MacOSX.platform/Developer/SDKs/MacOSX10.11.sdk   -o CMakeFiles/cmTC_3e90a.dir/CheckIncludeFile.c.o   -c /Users/arunporuri/Desktop/Face_match/cv_static/opencv-2.4.13/CMakeFiles/CMakeTmp/CheckIncludeFile.c
/Users/arunporuri/Desktop/Face_match/cv_static/opencv-2.4.13/CMakeFiles/CMakeTmp/CheckIncludeFile.c:1:10: fatal error: 'linux/videodev2.h' file not found
#include <linux/videodev2.h>
         ^
1 error generated.
make[1]: *** [CMakeFiles/cmTC_3e90a.dir/CheckIncludeFile.c.o] Error 1
make: *** [cmTC_3e90a/fast] Error 2


Determining if the include file sys/videoio.h exists failed with the following output:
Change Dir: /Users/arunporuri/Desktop/Face_match/cv_static/opencv-2.4.13/CMakeFiles/CMakeTmp

Run Build Command:"/usr/bin/make" "cmTC_954e7/fast"
/Applications/Xcode.app/Contents/Developer/usr/bin/make -f CMakeFiles/cmTC_954e7.dir/build.make CMakeFiles/cmTC_954e7.dir/build
Building C object CMakeFiles/cmTC_954e7.dir/CheckIncludeFile.c.o
/Applications/Xcode.app/Contents/Developer/Toolchains/XcodeDefault.xctoolchain/usr/bin/cc    -fPIC   -fsigned-char -W -Werror=return-type -Werror=address -Werror=sequence-point -Wformat -Werror=format-security -Wmissing-declarations -Wmissing-prototypes -Wstrict-prototypes -Wundef -Winit-self -Wpointer-arith -Wshadow -Wsign-promo -Wno-narrowing -Wno-delete-non-virtual-dtor -Wno-unnamed-type-template-args -Wno-array-bounds -fdiagnostics-show-option -Wno-long-long -Wno-semicolon-before-method-body -fno-omit-frame-pointer -msse -msse2 -msse3  -O3 -DNDEBUG -isysroot /Applications/Xcode.app/Contents/Developer/Platforms/MacOSX.platform/Developer/SDKs/MacOSX10.11.sdk   -o CMakeFiles/cmTC_954e7.dir/CheckIncludeFile.c.o   -c /Users/arunporuri/Desktop/Face_match/cv_static/opencv-2.4.13/CMakeFiles/CMakeTmp/CheckIncludeFile.c
/Users/arunporuri/Desktop/Face_match/cv_static/opencv-2.4.13/CMakeFiles/CMakeTmp/CheckIncludeFile.c:1:10: fatal error: 'sys/videoio.h' file not found
#include <sys/videoio.h>
         ^
1 error generated.
make[1]: *** [CMakeFiles/cmTC_954e7.dir/CheckIncludeFile.c.o] Error 1
make: *** [cmTC_954e7/fast] Error 2


Determining if the include file libavformat/avformat.h exists failed with the following output:
Change Dir: /Users/arunporuri/Desktop/Face_match/cv_static/opencv-2.4.13/CMakeFiles/CMakeTmp

Run Build Command:"/usr/bin/make" "cmTC_ea5d2/fast"
/Applications/Xcode.app/Contents/Developer/usr/bin/make -f CMakeFiles/cmTC_ea5d2.dir/build.make CMakeFiles/cmTC_ea5d2.dir/build
Building C object CMakeFiles/cmTC_ea5d2.dir/CheckIncludeFile.c.o
/Applications/Xcode.app/Contents/Developer/Toolchains/XcodeDefault.xctoolchain/usr/bin/cc    -fPIC   -fsigned-char -W -Werror=return-type -Werror=address -Werror=sequence-point -Wformat -Werror=format-security -Wmissing-declarations -Wmissing-prototypes -Wstrict-prototypes -Wundef -Winit-self -Wpointer-arith -Wshadow -Wsign-promo -Wno-narrowing -Wno-delete-non-virtual-dtor -Wno-unnamed-type-template-args -Wno-array-bounds -fdiagnostics-show-option -Wno-long-long -Wno-semicolon-before-method-body -fno-omit-frame-pointer -msse -msse2 -msse3  -O3 -DNDEBUG -isysroot /Applications/Xcode.app/Contents/Developer/Platforms/MacOSX.platform/Developer/SDKs/MacOSX10.11.sdk   -o CMakeFiles/cmTC_ea5d2.dir/CheckIncludeFile.c.o   -c /Users/arunporuri/Desktop/Face_match/cv_static/opencv-2.4.13/CMakeFiles/CMakeTmp/CheckIncludeFile.c
/Users/arunporuri/Desktop/Face_match/cv_static/opencv-2.4.13/CMakeFiles/CMakeTmp/CheckIncludeFile.c:1:10: fatal error: 'libavformat/avformat.h' file not found
#include <libavformat/avformat.h>
         ^
1 error generated.
make[1]: *** [CMakeFiles/cmTC_ea5d2.dir/CheckIncludeFile.c.o] Error 1
make: *** [cmTC_ea5d2/fast] Error 2


Determining if the include file ffmpeg/avformat.h exists failed with the following output:
Change Dir: /Users/arunporuri/Desktop/Face_match/cv_static/opencv-2.4.13/CMakeFiles/CMakeTmp

Run Build Command:"/usr/bin/make" "cmTC_f03f4/fast"
/Applications/Xcode.app/Contents/Developer/usr/bin/make -f CMakeFiles/cmTC_f03f4.dir/build.make CMakeFiles/cmTC_f03f4.dir/build
Building C object CMakeFiles/cmTC_f03f4.dir/CheckIncludeFile.c.o
/Applications/Xcode.app/Contents/Developer/Toolchains/XcodeDefault.xctoolchain/usr/bin/cc    -fPIC   -fsigned-char -W -Werror=return-type -Werror=address -Werror=sequence-point -Wformat -Werror=format-security -Wmissing-declarations -Wmissing-prototypes -Wstrict-prototypes -Wundef -Winit-self -Wpointer-arith -Wshadow -Wsign-promo -Wno-narrowing -Wno-delete-non-virtual-dtor -Wno-unnamed-type-template-args -Wno-array-bounds -fdiagnostics-show-option -Wno-long-long -Wno-semicolon-before-method-body -fno-omit-frame-pointer -msse -msse2 -msse3  -O3 -DNDEBUG -isysroot /Applications/Xcode.app/Contents/Developer/Platforms/MacOSX.platform/Developer/SDKs/MacOSX10.11.sdk   -o CMakeFiles/cmTC_f03f4.dir/CheckIncludeFile.c.o   -c /Users/arunporuri/Desktop/Face_match/cv_static/opencv-2.4.13/CMakeFiles/CMakeTmp/CheckIncludeFile.c
/Users/arunporuri/Desktop/Face_match/cv_static/opencv-2.4.13/CMakeFiles/CMakeTmp/CheckIncludeFile.c:1:10: fatal error: 'ffmpeg/avformat.h' file not found
#include <ffmpeg/avformat.h>
         ^
1 error generated.
make[1]: *** [CMakeFiles/cmTC_f03f4.dir/CheckIncludeFile.c.o] Error 1
make: *** [cmTC_f03f4/fast] Error 2


Determining if the include file linux/videodev.h exists failed with the following output:
Change Dir: /Users/arunporuri/Desktop/Face_match/cv_static/opencv-2.4.13/CMakeFiles/CMakeTmp

Run Build Command:"/usr/bin/make" "cmTC_f3b69/fast"
/Applications/Xcode.app/Contents/Developer/usr/bin/make -f CMakeFiles/cmTC_f3b69.dir/build.make CMakeFiles/cmTC_f3b69.dir/build
Building C object CMakeFiles/cmTC_f3b69.dir/CheckIncludeFile.c.o
/Applications/Xcode.app/Contents/Developer/Toolchains/XcodeDefault.xctoolchain/usr/bin/cc    -fPIC   -fsigned-char -W -Werror=return-type -Werror=address -Werror=sequence-point -Wformat -Werror=format-security -Wmissing-declarations -Wmissing-prototypes -Wstrict-prototypes -Wundef -Winit-self -Wpointer-arith -Wshadow -Wsign-promo -Wno-narrowing -Wno-delete-non-virtual-dtor -Wno-unnamed-type-template-args -Wno-array-bounds -fdiagnostics-show-option -Wno-long-long -Wno-semicolon-before-method-body -fno-omit-frame-pointer -msse -msse2 -msse3  -O3 -DNDEBUG -isysroot /Applications/Xcode.app/Contents/Developer/Platforms/MacOSX.platform/Developer/SDKs/MacOSX10.11.sdk   -o CMakeFiles/cmTC_f3b69.dir/CheckIncludeFile.c.o   -c /Users/arunporuri/Desktop/Face_match/cv_static/opencv-2.4.13/CMakeFiles/CMakeTmp/CheckIncludeFile.c
/Users/arunporuri/Desktop/Face_match/cv_static/opencv-2.4.13/CMakeFiles/CMakeTmp/CheckIncludeFile.c:1:10: fatal error: 'linux/videodev.h' file not found
#include <linux/videodev.h>
         ^
1 error generated.
make[1]: *** [CMakeFiles/cmTC_f3b69.dir/CheckIncludeFile.c.o] Error 1
make: *** [cmTC_f3b69/fast] Error 2


Determining if the include file linux/videodev2.h exists failed with the following output:
Change Dir: /Users/arunporuri/Desktop/Face_match/cv_static/opencv-2.4.13/CMakeFiles/CMakeTmp

Run Build Command:"/usr/bin/make" "cmTC_6c0ff/fast"
/Applications/Xcode.app/Contents/Developer/usr/bin/make -f CMakeFiles/cmTC_6c0ff.dir/build.make CMakeFiles/cmTC_6c0ff.dir/build
Building C object CMakeFiles/cmTC_6c0ff.dir/CheckIncludeFile.c.o
/Applications/Xcode.app/Contents/Developer/Toolchains/XcodeDefault.xctoolchain/usr/bin/cc    -fPIC   -fsigned-char -W -Werror=return-type -Werror=address -Werror=sequence-point -Wformat -Werror=format-security -Wmissing-declarations -Wmissing-prototypes -Wstrict-prototypes -Wundef -Winit-self -Wpointer-arith -Wshadow -Wsign-promo -Wno-narrowing -Wno-delete-non-virtual-dtor -Wno-unnamed-type-template-args -Wno-array-bounds -fdiagnostics-show-option -Wno-long-long -Wno-semicolon-before-method-body -fno-omit-frame-pointer -msse -msse2 -msse3  -O3 -DNDEBUG -isysroot /Applications/Xcode.app/Contents/Developer/Platforms/MacOSX.platform/Developer/SDKs/MacOSX10.11.sdk   -o CMakeFiles/cmTC_6c0ff.dir/CheckIncludeFile.c.o   -c /Users/arunporuri/Desktop/Face_match/cv_static/opencv-2.4.13/CMakeFiles/CMakeTmp/CheckIncludeFile.c
/Users/arunporuri/Desktop/Face_match/cv_static/opencv-2.4.13/CMakeFiles/CMakeTmp/CheckIncludeFile.c:1:10: fatal error: 'linux/videodev2.h' file not found
#include <linux/videodev2.h>
         ^
1 error generated.
make[1]: *** [CMakeFiles/cmTC_6c0ff.dir/CheckIncludeFile.c.o] Error 1
make: *** [cmTC_6c0ff/fast] Error 2


Determining if the include file sys/videoio.h exists failed with the following output:
Change Dir: /Users/arunporuri/Desktop/Face_match/cv_static/opencv-2.4.13/CMakeFiles/CMakeTmp

Run Build Command:"/usr/bin/make" "cmTC_f016a/fast"
/Applications/Xcode.app/Contents/Developer/usr/bin/make -f CMakeFiles/cmTC_f016a.dir/build.make CMakeFiles/cmTC_f016a.dir/build
Building C object CMakeFiles/cmTC_f016a.dir/CheckIncludeFile.c.o
/Applications/Xcode.app/Contents/Developer/Toolchains/XcodeDefault.xctoolchain/usr/bin/cc    -fPIC   -fsigned-char -W -Werror=return-type -Werror=address -Werror=sequence-point -Wformat -Werror=format-security -Wmissing-declarations -Wmissing-prototypes -Wstrict-prototypes -Wundef -Winit-self -Wpointer-arith -Wshadow -Wsign-promo -Wno-narrowing -Wno-delete-non-virtual-dtor -Wno-unnamed-type-template-args -Wno-array-bounds -fdiagnostics-show-option -Wno-long-long -Wno-semicolon-before-method-body -fno-omit-frame-pointer -msse -msse2 -msse3  -O3 -DNDEBUG -isysroot /Applications/Xcode.app/Contents/Developer/Platforms/MacOSX.platform/Developer/SDKs/MacOSX10.11.sdk   -o CMakeFiles/cmTC_f016a.dir/CheckIncludeFile.c.o   -c /Users/arunporuri/Desktop/Face_match/cv_static/opencv-2.4.13/CMakeFiles/CMakeTmp/CheckIncludeFile.c
/Users/arunporuri/Desktop/Face_match/cv_static/opencv-2.4.13/CMakeFiles/CMakeTmp/CheckIncludeFile.c:1:10: fatal error: 'sys/videoio.h' file not found
#include <sys/videoio.h>
         ^
1 error generated.
make[1]: *** [CMakeFiles/cmTC_f016a.dir/CheckIncludeFile.c.o] Error 1
make: *** [cmTC_f016a/fast] Error 2


Determining if the include file libavformat/avformat.h exists failed with the following output:
Change Dir: /Users/arunporuri/Desktop/Face_match/cv_static/opencv-2.4.13/CMakeFiles/CMakeTmp

Run Build Command:"/usr/bin/make" "cmTC_14bc2/fast"
/Applications/Xcode.app/Contents/Developer/usr/bin/make -f CMakeFiles/cmTC_14bc2.dir/build.make CMakeFiles/cmTC_14bc2.dir/build
Building C object CMakeFiles/cmTC_14bc2.dir/CheckIncludeFile.c.o
/Applications/Xcode.app/Contents/Developer/Toolchains/XcodeDefault.xctoolchain/usr/bin/cc    -fPIC   -fsigned-char -W -Werror=return-type -Werror=address -Werror=sequence-point -Wformat -Werror=format-security -Wmissing-declarations -Wmissing-prototypes -Wstrict-prototypes -Wundef -Winit-self -Wpointer-arith -Wshadow -Wsign-promo -Wno-narrowing -Wno-delete-non-virtual-dtor -Wno-unnamed-type-template-args -Wno-array-bounds -fdiagnostics-show-option -Wno-long-long -Wno-semicolon-before-method-body -fno-omit-frame-pointer -msse -msse2 -msse3  -O3 -DNDEBUG -isysroot /Applications/Xcode.app/Contents/Developer/Platforms/MacOSX.platform/Developer/SDKs/MacOSX10.11.sdk   -o CMakeFiles/cmTC_14bc2.dir/CheckIncludeFile.c.o   -c /Users/arunporuri/Desktop/Face_match/cv_static/opencv-2.4.13/CMakeFiles/CMakeTmp/CheckIncludeFile.c
/Users/arunporuri/Desktop/Face_match/cv_static/opencv-2.4.13/CMakeFiles/CMakeTmp/CheckIncludeFile.c:1:10: fatal error: 'libavformat/avformat.h' file not found
#include <libavformat/avformat.h>
         ^
1 error generated.
make[1]: *** [CMakeFiles/cmTC_14bc2.dir/CheckIncludeFile.c.o] Error 1
make: *** [cmTC_14bc2/fast] Error 2


Determining if the include file ffmpeg/avformat.h exists failed with the following output:
Change Dir: /Users/arunporuri/Desktop/Face_match/cv_static/opencv-2.4.13/CMakeFiles/CMakeTmp

Run Build Command:"/usr/bin/make" "cmTC_ceaa1/fast"
/Applications/Xcode.app/Contents/Developer/usr/bin/make -f CMakeFiles/cmTC_ceaa1.dir/build.make CMakeFiles/cmTC_ceaa1.dir/build
Building C object CMakeFiles/cmTC_ceaa1.dir/CheckIncludeFile.c.o
/Applications/Xcode.app/Contents/Developer/Toolchains/XcodeDefault.xctoolchain/usr/bin/cc    -fPIC   -fsigned-char -W -Werror=return-type -Werror=address -Werror=sequence-point -Wformat -Werror=format-security -Wmissing-declarations -Wmissing-prototypes -Wstrict-prototypes -Wundef -Winit-self -Wpointer-arith -Wshadow -Wsign-promo -Wno-narrowing -Wno-delete-non-virtual-dtor -Wno-unnamed-type-template-args -Wno-array-bounds -fdiagnostics-show-option -Wno-long-long -Wno-semicolon-before-method-body -fno-omit-frame-pointer -msse -msse2 -msse3  -O3 -DNDEBUG -isysroot /Applications/Xcode.app/Contents/Developer/Platforms/MacOSX.platform/Developer/SDKs/MacOSX10.11.sdk   -o CMakeFiles/cmTC_ceaa1.dir/CheckIncludeFile.c.o   -c /Users/arunporuri/Desktop/Face_match/cv_static/opencv-2.4.13/CMakeFiles/CMakeTmp/CheckIncludeFile.c
/Users/arunporuri/Desktop/Face_match/cv_static/opencv-2.4.13/CMakeFiles/CMakeTmp/CheckIncludeFile.c:1:10: fatal error: 'ffmpeg/avformat.h' file not found
#include <ffmpeg/avformat.h>
         ^
1 error generated.
make[1]: *** [CMakeFiles/cmTC_ceaa1.dir/CheckIncludeFile.c.o] Error 1
make: *** [cmTC_ceaa1/fast] Error 2


